<?xml version="1.0" encoding="UTF-8"?>
<!-- Generated by org.testng.reporters.JUnitXMLReporter -->
<testsuite ignored="0" hostname="Flamethrower.local" failures="0" tests="6" name="Command line test" time="9.866" errors="0" timestamp="2022-07-22T17:58:30 ICT">
  <testcase classname="tests.UserTest" name="createUserSuccessfully" time="7.315"/>
  <testcase classname="tests.UserTest" name="getUserDetailSuccessfully" time="0.337"/>
  <testcase classname="tests.UserTest" name="getUsersInSpecificPageSuccessfully" time="0.426"/>
  <testcase classname="tests.UserTest" name="updateUsersSuccessfully" time="0.57"/>
  <testcase classname="tests.UserTest" name="verifyUpdateUserBySchema" time="0.829"/>
  <testcase classname="tests.UserTest" name="deleteUsersSuccessfully" time="0.299"/>
</testsuite> <!-- Command line test -->
